timestamp: 2014-04-09T15:06:22.488944
CREATE TABLE auth_user(
    id INTEGER PRIMARY KEY AUTOINCREMENT,
    username CHAR(512),
    first_name CHAR(512),
    last_name CHAR(512),
    email CHAR(512),
    password CHAR(512),
    created_on TIMESTAMP,
    modified_on TIMESTAMP,
    registration_key CHAR(512),
    reset_password_key CHAR(512),
    registration_id CHAR(512)
);
success!
timestamp: 2014-04-09T15:06:22.642518
CREATE TABLE auth_group(
    id INTEGER PRIMARY KEY AUTOINCREMENT,
    role CHAR(512),
    description TEXT
);
success!
timestamp: 2014-04-09T15:06:22.728819
CREATE TABLE auth_membership(
    id INTEGER PRIMARY KEY AUTOINCREMENT,
    user_id INTEGER REFERENCES auth_user (id) ON DELETE CASCADE,
    group_id INTEGER REFERENCES auth_group (id) ON DELETE CASCADE
);
success!
timestamp: 2014-04-09T15:06:22.823767
CREATE TABLE auth_permission(
    id INTEGER PRIMARY KEY AUTOINCREMENT,
    group_id INTEGER REFERENCES auth_group (id) ON DELETE CASCADE,
    name CHAR(512),
    table_name CHAR(512),
    record_id INTEGER
);
success!
timestamp: 2014-04-09T15:06:22.913296
CREATE TABLE auth_event(
    id INTEGER PRIMARY KEY AUTOINCREMENT,
    time_stamp TIMESTAMP,
    client_ip CHAR(512),
    user_id INTEGER REFERENCES auth_user (id) ON DELETE CASCADE,
    origin CHAR(512),
    description TEXT
);
success!
timestamp: 2014-04-09T15:06:23.004535
CREATE TABLE auth_cas(
    id INTEGER PRIMARY KEY AUTOINCREMENT,
    user_id INTEGER REFERENCES auth_user (id) ON DELETE CASCADE,
    created_on TIMESTAMP,
    service CHAR(512),
    ticket CHAR(512),
    renew CHAR(1)
);
success!
timestamp: 2014-04-09T15:06:23.110766
CREATE TABLE t_appointment(
    id INTEGER PRIMARY KEY AUTOINCREMENT,
    f_title CHAR(512) NOT NULL,
    f_start_time TIMESTAMP,
    f_end_time TIMESTAMP,
    f_location CHAR(512),
    f_latitude DOUBLE,
    f_longitude DOUBLE,
    f_log TEXT,
    active CHAR(1),
    created_on TIMESTAMP,
    modified_on TIMESTAMP,
    created_by INTEGER REFERENCES auth_user (id) ON DELETE CASCADE,
    modified_by INTEGER REFERENCES auth_user (id) ON DELETE CASCADE
);
success!
timestamp: 2014-04-09T15:06:23.190491
CREATE TABLE t_appointment_archive(
    id INTEGER PRIMARY KEY AUTOINCREMENT,
    f_title CHAR(512) NOT NULL,
    f_start_time TIMESTAMP,
    f_end_time TIMESTAMP,
    f_location CHAR(512),
    f_latitude DOUBLE,
    f_longitude DOUBLE,
    f_log TEXT,
    active CHAR(1),
    created_on TIMESTAMP,
    modified_on TIMESTAMP,
    created_by INTEGER REFERENCES auth_user (id) ON DELETE CASCADE,
    modified_by INTEGER REFERENCES auth_user (id) ON DELETE CASCADE,
    current_record INTEGER REFERENCES t_appointment (id) ON DELETE CASCADE
);
success!
